SF:lib/network/rest_client.dart
DA:7,2
DA:9,1
DA:10,2
DA:13,1
DA:14,1
DA:16,3
DA:17,3
DA:21,4
DA:24,2
DA:25,1
DA:26,2
DA:27,0
DA:29,0
DA:30,0
DA:33,0
LF:15
LH:11
end_of_record
SF:lib/network/network_service_impl.dart
DA:8,1
DA:10,1
DA:18,3
DA:21,1
DA:22,1
DA:27,1
DA:28,1
DA:29,2
DA:31,1
DA:33,1
DA:38,1
DA:47,3
DA:51,1
DA:52,1
DA:59,1
DA:60,1
DA:61,2
DA:63,1
DA:65,1
DA:70,1
DA:81,3
DA:85,1
DA:86,1
DA:90,3
DA:94,1
DA:95,1
DA:100,1
DA:101,1
DA:102,2
DA:104,1
DA:106,1
DA:111,1
DA:120,3
DA:124,1
DA:125,1
DA:130,1
DA:131,1
DA:132,2
DA:134,1
DA:136,1
DA:141,1
DA:142,6
DA:143,4
DA:144,1
DA:147,1
DA:148,0
DA:150,0
DA:151,0
DA:152,0
DA:156,0
DA:159,1
DA:160,3
DA:161,1
DA:164,1
DA:165,1
DA:166,1
DA:168,1
DA:169,1
DA:171,1
DA:172,1
DA:174,1
DA:175,1
DA:177,1
DA:178,1
DA:180,1
DA:181,1
DA:184,1
DA:187,2
DA:188,3
DA:190,2
DA:191,3
LF:71
LH:66
end_of_record
SF:lib/repository/url_launcher_repository.dart
DA:6,1
DA:8,0
DA:11,1
DA:15,2
DA:17,1
LF:5
LH:4
end_of_record
SF:lib/wrapper/url_launcher_service.dart
DA:5,0
DA:8,0
DA:10,0
DA:12,0
LF:4
LH:0
end_of_record
SF:lib/cubit/url_launcher_cubit.dart
DA:9,1
DA:12,1
DA:13,1
DA:18,1
DA:19,2
DA:21,2
DA:22,2
DA:23,1
DA:24,2
LF:9
LH:9
end_of_record
SF:lib/cubit/url_launcher_state.dart
DA:8,1
DA:10,1
DA:11,1
DA:16,1
DA:17,1
DA:20,1
DA:21,1
DA:26,1
DA:27,1
LF:9
LH:9
end_of_record
SF:lib/main.dart
DA:3,0
DA:4,0
DA:8,2
DA:10,1
DA:12,1
DA:14,1
DA:23,1
DA:27,1
DA:28,1
DA:34,1
DA:35,2
DA:36,2
DA:40,1
DA:42,1
DA:43,1
DA:44,3
DA:46,1
DA:47,1
DA:49,1
DA:53,1
DA:54,2
DA:55,3
DA:60,1
DA:61,1
LF:24
LH:22
end_of_record
